#! /usr/bin/vvp
:ivl_version "11.0 (stable)";
:ivl_delay_selection "TYPICAL";
:vpi_time_precision + 0;
:vpi_module "/usr/lib/x86_64-linux-gnu/ivl/system.vpi";
:vpi_module "/usr/lib/x86_64-linux-gnu/ivl/vhdl_sys.vpi";
:vpi_module "/usr/lib/x86_64-linux-gnu/ivl/vhdl_textio.vpi";
:vpi_module "/usr/lib/x86_64-linux-gnu/ivl/v2005_math.vpi";
:vpi_module "/usr/lib/x86_64-linux-gnu/ivl/va_math.vpi";
:vpi_module "/usr/lib/x86_64-linux-gnu/ivl/v2009.vpi";
S_0x6438a888edc0 .scope package, "$unit" "$unit" 2 1;
 .timescale 0 0;
S_0x6438a888ef70 .scope module, "axi4lite_slave" "axi4lite_slave" 3 1;
 .timescale 0 0;
    .port_info 0 /INPUT 1 "ACLK";
    .port_info 1 /INPUT 1 "ARESETN";
    .port_info 2 /INPUT 8 "AWADDR";
    .port_info 3 /INPUT 1 "AWVALID";
    .port_info 4 /OUTPUT 1 "AWREADY";
    .port_info 5 /INPUT 32 "WDATA";
    .port_info 6 /INPUT 1 "WVALID";
    .port_info 7 /OUTPUT 1 "WREADY";
    .port_info 8 /OUTPUT 2 "BRESP";
    .port_info 9 /OUTPUT 1 "BVALID";
    .port_info 10 /INPUT 1 "BREADY";
    .port_info 11 /INPUT 8 "ARADDR";
    .port_info 12 /INPUT 1 "ARVALID";
    .port_info 13 /OUTPUT 1 "ARREADY";
    .port_info 14 /OUTPUT 32 "RDATA";
    .port_info 15 /OUTPUT 2 "RRESP";
    .port_info 16 /OUTPUT 1 "RVALID";
    .port_info 17 /INPUT 1 "RREADY";
P_0x6438a88bc860 .param/l "OKAY" 1 3 35, C4<00>;
P_0x6438a88bc8a0 .param/l "RD_ADDR" 1 3 50, C4<01>;
P_0x6438a88bc8e0 .param/l "RD_DATA" 1 3 51, C4<10>;
P_0x6438a88bc920 .param/l "RD_IDLE" 1 3 49, C4<00>;
P_0x6438a88bc960 .param/l "SLVERR" 1 3 36, C4<10>;
P_0x6438a88bc9a0 .param/l "WR_ADDR" 1 3 42, C4<01>;
P_0x6438a88bc9e0 .param/l "WR_DATA" 1 3 43, C4<10>;
P_0x6438a88bca20 .param/l "WR_IDLE" 1 3 41, C4<00>;
P_0x6438a88bca60 .param/l "WR_RESP" 1 3 44, C4<11>;
o0x7227f64ad018 .functor BUFZ 1, C4<z>; HiZ drive
v0x6438a88b9d60_0 .net "ACLK", 0 0, o0x7227f64ad018;  0 drivers
o0x7227f64ad048 .functor BUFZ 8, C4<zzzzzzzz>; HiZ drive
v0x6438a8890350_0 .net "ARADDR", 7 0, o0x7227f64ad048;  0 drivers
o0x7227f64ad078 .functor BUFZ 1, C4<z>; HiZ drive
v0x6438a88ed690_0 .net "ARESETN", 0 0, o0x7227f64ad078;  0 drivers
v0x6438a88ed730_0 .var "ARREADY", 0 0;
o0x7227f64ad0d8 .functor BUFZ 1, C4<z>; HiZ drive
v0x6438a88ed7f0_0 .net "ARVALID", 0 0, o0x7227f64ad0d8;  0 drivers
o0x7227f64ad108 .functor BUFZ 8, C4<zzzzzzzz>; HiZ drive
v0x6438a88ed900_0 .net "AWADDR", 7 0, o0x7227f64ad108;  0 drivers
v0x6438a88ed9e0_0 .var "AWREADY", 0 0;
o0x7227f64ad168 .functor BUFZ 1, C4<z>; HiZ drive
v0x6438a88edaa0_0 .net "AWVALID", 0 0, o0x7227f64ad168;  0 drivers
o0x7227f64ad198 .functor BUFZ 1, C4<z>; HiZ drive
v0x6438a88edb60_0 .net "BREADY", 0 0, o0x7227f64ad198;  0 drivers
v0x6438a88edc20_0 .var "BRESP", 1 0;
v0x6438a88edd00_0 .var "BVALID", 0 0;
v0x6438a88eddc0_0 .var "RDATA", 31 0;
o0x7227f64ad258 .functor BUFZ 1, C4<z>; HiZ drive
v0x6438a88edea0_0 .net "RREADY", 0 0, o0x7227f64ad258;  0 drivers
v0x6438a88edf60_0 .var "RRESP", 1 0;
v0x6438a88ee040_0 .var "RVALID", 0 0;
o0x7227f64ad2e8 .functor BUFZ 32, C4<zzzzzzzzzzzzzzzzzzzzzzzzzzzzzzzz>; HiZ drive
v0x6438a88ee100_0 .net "WDATA", 31 0, o0x7227f64ad2e8;  0 drivers
v0x6438a88ee1e0_0 .var "WREADY", 0 0;
o0x7227f64ad348 .functor BUFZ 1, C4<z>; HiZ drive
v0x6438a88ee3b0_0 .net "WVALID", 0 0, o0x7227f64ad348;  0 drivers
v0x6438a88ee470_0 .var/i "i", 31 0;
v0x6438a88ee550_0 .var "rd_addr_lat", 7 0;
v0x6438a88ee630_0 .var "rd_state", 1 0;
v0x6438a88ee710 .array "regfile", 3 0, 31 0;
v0x6438a88ee7d0_0 .var "wr_addr_lat", 7 0;
v0x6438a88ee8b0_0 .var "wr_state", 1 0;
E_0x6438a88cca10/0 .event negedge, v0x6438a88ed690_0;
E_0x6438a88cca10/1 .event posedge, v0x6438a88b9d60_0;
E_0x6438a88cca10 .event/or E_0x6438a88cca10/0, E_0x6438a88cca10/1;
    .scope S_0x6438a888ef70;
T_0 ;
    %wait E_0x6438a88cca10;
    %load/vec4 v0x6438a88ed690_0;
    %nor/r;
    %flag_set/vec4 8;
    %jmp/0xz  T_0.0, 8;
    %pushi/vec4 0, 0, 2;
    %assign/vec4 v0x6438a88ee8b0_0, 0;
    %pushi/vec4 0, 0, 1;
    %assign/vec4 v0x6438a88ed9e0_0, 0;
    %pushi/vec4 0, 0, 1;
    %assign/vec4 v0x6438a88ee1e0_0, 0;
    %pushi/vec4 0, 0, 1;
    %assign/vec4 v0x6438a88edd00_0, 0;
    %pushi/vec4 0, 0, 2;
    %assign/vec4 v0x6438a88edc20_0, 0;
    %pushi/vec4 0, 0, 8;
    %assign/vec4 v0x6438a88ee7d0_0, 0;
    %pushi/vec4 0, 0, 32;
    %store/vec4 v0x6438a88ee470_0, 0, 32;
T_0.2 ;
    %load/vec4 v0x6438a88ee470_0;
    %cmpi/s 4, 0, 32;
    %jmp/0xz T_0.3, 5;
    %pushi/vec4 0, 0, 32;
    %ix/getv/s 3, v0x6438a88ee470_0;
    %ix/load 4, 0, 0; Constant delay
    %assign/vec4/a/d v0x6438a88ee710, 0, 4;
    %load/vec4 v0x6438a88ee470_0;
    %addi 1, 0, 32;
    %store/vec4 v0x6438a88ee470_0, 0, 32;
    %jmp T_0.2;
T_0.3 ;
    %jmp T_0.1;
T_0.0 ;
    %load/vec4 v0x6438a88ee8b0_0;
    %dup/vec4;
    %pushi/vec4 0, 0, 2;
    %cmp/u;
    %jmp/1 T_0.4, 6;
    %dup/vec4;
    %pushi/vec4 2, 0, 2;
    %cmp/u;
    %jmp/1 T_0.5, 6;
    %dup/vec4;
    %pushi/vec4 3, 0, 2;
    %cmp/u;
    %jmp/1 T_0.6, 6;
    %pushi/vec4 0, 0, 2;
    %assign/vec4 v0x6438a88ee8b0_0, 0;
    %jmp T_0.8;
T_0.4 ;
    %pushi/vec4 1, 0, 1;
    %assign/vec4 v0x6438a88ed9e0_0, 0;
    %pushi/vec4 0, 0, 1;
    %assign/vec4 v0x6438a88ee1e0_0, 0;
    %pushi/vec4 0, 0, 1;
    %assign/vec4 v0x6438a88edd00_0, 0;
    %load/vec4 v0x6438a88ed9e0_0;
    %load/vec4 v0x6438a88edaa0_0;
    %and;
    %flag_set/vec4 8;
    %jmp/0xz  T_0.9, 8;
    %load/vec4 v0x6438a88ed900_0;
    %assign/vec4 v0x6438a88ee7d0_0, 0;
    %pushi/vec4 0, 0, 1;
    %assign/vec4 v0x6438a88ed9e0_0, 0;
    %pushi/vec4 2, 0, 2;
    %assign/vec4 v0x6438a88ee8b0_0, 0;
T_0.9 ;
    %jmp T_0.8;
T_0.5 ;
    %pushi/vec4 1, 0, 1;
    %assign/vec4 v0x6438a88ee1e0_0, 0;
    %load/vec4 v0x6438a88ee1e0_0;
    %load/vec4 v0x6438a88ee3b0_0;
    %and;
    %flag_set/vec4 8;
    %jmp/0xz  T_0.11, 8;
    %pushi/vec4 0, 0, 1;
    %assign/vec4 v0x6438a88ee1e0_0, 0;
    %load/vec4 v0x6438a88ee7d0_0;
    %pad/u 32;
    %cmpi/u 4, 0, 32;
    %jmp/0xz  T_0.13, 5;
    %load/vec4 v0x6438a88ee100_0;
    %ix/getv 3, v0x6438a88ee7d0_0;
    %ix/load 4, 0, 0; Constant delay
    %assign/vec4/a/d v0x6438a88ee710, 0, 4;
    %pushi/vec4 0, 0, 2;
    %assign/vec4 v0x6438a88edc20_0, 0;
    %jmp T_0.14;
T_0.13 ;
    %pushi/vec4 2, 0, 2;
    %assign/vec4 v0x6438a88edc20_0, 0;
T_0.14 ;
    %pushi/vec4 1, 0, 1;
    %assign/vec4 v0x6438a88edd00_0, 0;
    %pushi/vec4 3, 0, 2;
    %assign/vec4 v0x6438a88ee8b0_0, 0;
T_0.11 ;
    %jmp T_0.8;
T_0.6 ;
    %load/vec4 v0x6438a88edb60_0;
    %flag_set/vec4 8;
    %jmp/0xz  T_0.15, 8;
    %pushi/vec4 0, 0, 1;
    %assign/vec4 v0x6438a88edd00_0, 0;
    %pushi/vec4 0, 0, 2;
    %assign/vec4 v0x6438a88ee8b0_0, 0;
T_0.15 ;
    %jmp T_0.8;
T_0.8 ;
    %pop/vec4 1;
T_0.1 ;
    %jmp T_0;
    .thread T_0;
    .scope S_0x6438a888ef70;
T_1 ;
    %wait E_0x6438a88cca10;
    %load/vec4 v0x6438a88ed690_0;
    %nor/r;
    %flag_set/vec4 8;
    %jmp/0xz  T_1.0, 8;
    %pushi/vec4 0, 0, 2;
    %assign/vec4 v0x6438a88ee630_0, 0;
    %pushi/vec4 0, 0, 1;
    %assign/vec4 v0x6438a88ed730_0, 0;
    %pushi/vec4 0, 0, 1;
    %assign/vec4 v0x6438a88ee040_0, 0;
    %pushi/vec4 0, 0, 2;
    %assign/vec4 v0x6438a88edf60_0, 0;
    %pushi/vec4 0, 0, 32;
    %assign/vec4 v0x6438a88eddc0_0, 0;
    %pushi/vec4 0, 0, 8;
    %assign/vec4 v0x6438a88ee550_0, 0;
    %jmp T_1.1;
T_1.0 ;
    %load/vec4 v0x6438a88ee630_0;
    %dup/vec4;
    %pushi/vec4 0, 0, 2;
    %cmp/u;
    %jmp/1 T_1.2, 6;
    %dup/vec4;
    %pushi/vec4 2, 0, 2;
    %cmp/u;
    %jmp/1 T_1.3, 6;
    %pushi/vec4 0, 0, 2;
    %assign/vec4 v0x6438a88ee630_0, 0;
    %jmp T_1.5;
T_1.2 ;
    %pushi/vec4 1, 0, 1;
    %assign/vec4 v0x6438a88ed730_0, 0;
    %pushi/vec4 0, 0, 1;
    %assign/vec4 v0x6438a88ee040_0, 0;
    %load/vec4 v0x6438a88ed730_0;
    %load/vec4 v0x6438a88ed7f0_0;
    %and;
    %flag_set/vec4 8;
    %jmp/0xz  T_1.6, 8;
    %load/vec4 v0x6438a8890350_0;
    %assign/vec4 v0x6438a88ee550_0, 0;
    %pushi/vec4 0, 0, 1;
    %assign/vec4 v0x6438a88ed730_0, 0;
    %pushi/vec4 2, 0, 2;
    %assign/vec4 v0x6438a88ee630_0, 0;
    %load/vec4 v0x6438a8890350_0;
    %pad/u 32;
    %cmpi/u 4, 0, 32;
    %jmp/0xz  T_1.8, 5;
    %ix/getv 4, v0x6438a8890350_0;
    %load/vec4a v0x6438a88ee710, 4;
    %assign/vec4 v0x6438a88eddc0_0, 0;
    %pushi/vec4 0, 0, 2;
    %assign/vec4 v0x6438a88edf60_0, 0;
    %jmp T_1.9;
T_1.8 ;
    %pushi/vec4 3735928559, 0, 32;
    %assign/vec4 v0x6438a88eddc0_0, 0;
    %pushi/vec4 2, 0, 2;
    %assign/vec4 v0x6438a88edf60_0, 0;
T_1.9 ;
T_1.6 ;
    %jmp T_1.5;
T_1.3 ;
    %pushi/vec4 1, 0, 1;
    %assign/vec4 v0x6438a88ee040_0, 0;
    %load/vec4 v0x6438a88edea0_0;
    %flag_set/vec4 8;
    %jmp/0xz  T_1.10, 8;
    %pushi/vec4 0, 0, 1;
    %assign/vec4 v0x6438a88ee040_0, 0;
    %pushi/vec4 0, 0, 2;
    %assign/vec4 v0x6438a88ee630_0, 0;
T_1.10 ;
    %jmp T_1.5;
T_1.5 ;
    %pop/vec4 1;
T_1.1 ;
    %jmp T_1;
    .thread T_1;
# The file index is used to find the file name in the following table.
:file_names 4;
    "N/A";
    "<interactive>";
    "-";
    "rtl/axi.sv";
